{"synthetic": false,
 "schemaVersion": "2025-09-10",
 "outputs":
 {"o": ["ddc2459248c05891.olean"],
  "i": "8396f5f1fa7cbd3e.ilean",
  "c": "651ce7ed7be31160.c"},
 "log":
 [{"message":
   ".> LEAN_PATH=C:\\Users\\gavin\\Desktop\\coding2023\\lean_projects\\nonmonlogics\\.lake\\packages\\Cli\\.lake\\build\\lib\\lean;C:\\Users\\gavin\\Desktop\\coding2023\\lean_projects\\nonmonlogics\\.lake\\packages\\batteries\\.lake\\build\\lib\\lean;C:\\Users\\gavin\\Desktop\\coding2023\\lean_projects\\nonmonlogics\\.lake\\packages\\Qq\\.lake\\build\\lib\\lean;C:\\Users\\gavin\\Desktop\\coding2023\\lean_projects\\nonmonlogics\\.lake\\packages\\aesop\\.lake\\build\\lib\\lean;C:\\Users\\gavin\\Desktop\\coding2023\\lean_projects\\nonmonlogics\\.lake\\packages\\proofwidgets\\.lake\\build\\lib\\lean;C:\\Users\\gavin\\Desktop\\coding2023\\lean_projects\\nonmonlogics\\.lake\\packages\\importGraph\\.lake\\build\\lib\\lean;C:\\Users\\gavin\\Desktop\\coding2023\\lean_projects\\nonmonlogics\\.lake\\packages\\LeanSearchClient\\.lake\\build\\lib\\lean;C:\\Users\\gavin\\Desktop\\coding2023\\lean_projects\\nonmonlogics\\.lake\\packages\\plausible\\.lake\\build\\lib\\lean;C:\\Users\\gavin\\Desktop\\coding2023\\lean_projects\\nonmonlogics\\.lake\\packages\\mathlib\\.lake\\build\\lib\\lean;C:\\Users\\gavin\\Desktop\\coding2023\\lean_projects\\nonmonlogics\\.lake\\build\\lib\\lean c:\\Users\\gavin\\.elan\\toolchains\\leanprover--lean4---v4.29.0-rc1\\bin\\lean.exe C:\\Users\\gavin\\Desktop\\coding2023\\lean_projects\\nonmonlogics\\Nonmonlogics.lean -o C:\\Users\\gavin\\Desktop\\coding2023\\lean_projects\\nonmonlogics\\.lake\\build\\lib\\lean\\Nonmonlogics.olean -i C:\\Users\\gavin\\Desktop\\coding2023\\lean_projects\\nonmonlogics\\.lake\\build\\lib\\lean\\Nonmonlogics.ilean -c C:\\Users\\gavin\\Desktop\\coding2023\\lean_projects\\nonmonlogics\\.lake\\build\\ir\\Nonmonlogics.c --setup C:\\Users\\gavin\\Desktop\\coding2023\\lean_projects\\nonmonlogics\\.lake\\build\\ir\\Nonmonlogics.setup.json --json",
   "level": "trace"}],
 "inputs":
 [["Nonmonlogics:deps",
   [["deps",
     [["nonmonlogics/Nonmonlogics:extraDep",
       [["@nonmonlogics:extraDep", "00000000000006bb"]]],
      ["imports", "00000000000006bb"]]],
    ["libs",
     [["import dynlibs", "00000000000006bb"],
      ["package external libraries", "00000000000006bb"],
      ["module dynlibs", "00000000000006bb"],
      ["module plugins", "00000000000006bb"]]]]],
  ["Lean 4.29.0, commit 985f350dcd18fc7814dfa677cac09933f44f3215",
   "25953b0996e8f9b7"],
  ["C:\\Users\\gavin\\Desktop\\coding2023\\lean_projects\\nonmonlogics\\Nonmonlogics.lean",
   "fb8d37be36883ee0"],
  ["options", "00000000000006bb"],
  ["isModule: false", "feefd2a0d3a1847e"],
  ["Module.name: Nonmonlogics", "d8be9fca5adad4e5"],
  ["Package.id?: (some nonmonlogics)", "cbb9a08da26788e3"],
  ["Module.leanArgs: #[]", "00000000000006bb"]],
 "depHash": "eb1ceacadc2dd6ab"}